11:31:29.641 INFO [GridLauncherV3.parse] - Selenium server version: 3.141.59, revision: e82be7d358
11:31:29.748 INFO [GridLauncherV3.lambda$buildLaunchers$3] - Launching a standalone Selenium Server on port 4444
2020-05-20 11:31:29.812:INFO::main: Logging initialized @439ms to org.seleniumhq.jetty9.util.log.StdErrLog
11:31:30.096 INFO [WebDriverServlet.<init>] - Initialising WebDriverServlet
11:31:30.213 INFO [SeleniumServer.boot] - Selenium Server is up and running on port 4444
11:31:31.015 INFO [ActiveSessionFactory.apply] - Capabilities are: {
  "acceptSslCerts": true,
  "browserName": "chrome",
  "chromeOptions": {
    "args": [
      "--headless"
    ],
    "w3c": false
  },
  "javascriptEnabled": true,
  "name": "Happy Path\u002fData"
}
11:31:31.015 INFO [ActiveSessionFactory.apply] - Capabilities are: {
  "acceptSslCerts": true,
  "browserName": "chrome",
  "chromeOptions": {
    "args": [
      "--headless"
    ],
    "w3c": false
  },
  "javascriptEnabled": true,
  "name": "Groundwater\u002fData"
}
11:31:31.015 INFO [ActiveSessionFactory.apply] - Capabilities are: {
  "acceptSslCerts": true,
  "browserName": "chrome",
  "chromeOptions": {
    "args": [
      "--headless"
    ],
    "w3c": false
  },
  "javascriptEnabled": true,
  "name": "Happy Path\u002fIndex"
}
11:31:31.017 INFO [ActiveSessionFactory.lambda$apply$11] - Matched factory org.openqa.selenium.grid.session.remote.ServicedSession$Factory (provider: org.openqa.selenium.chrome.ChromeDriverService)
11:31:31.017 INFO [ActiveSessionFactory.lambda$apply$11] - Matched factory org.openqa.selenium.grid.session.remote.ServicedSession$Factory (provider: org.openqa.selenium.chrome.ChromeDriverService)
11:31:31.017 INFO [ActiveSessionFactory.lambda$apply$11] - Matched factory org.openqa.selenium.grid.session.remote.ServicedSession$Factory (provider: org.openqa.selenium.chrome.ChromeDriverService)
11:31:31.024 INFO [ActiveSessionFactory.apply] - Capabilities are: {
  "acceptSslCerts": true,
  "browserName": "chrome",
  "chromeOptions": {
    "args": [
      "--headless"
    ],
    "w3c": false
  },
  "javascriptEnabled": true,
  "name": "Groundwater\u002fIndex"
}
11:31:31.025 INFO [ActiveSessionFactory.lambda$apply$11] - Matched factory org.openqa.selenium.grid.session.remote.ServicedSession$Factory (provider: org.openqa.selenium.chrome.ChromeDriverService)
SSttaarrttiinngg  CChhrroommeeDDrriivveerr  8800..00..33998877..1166  ((332200ff66552266cc11663322aadd44ff220055eebbSSttacarre6t9b99a062ecde69b9798a60t46i7n-gr eC2herdf7osm/ebDrrai8nvc6he4-7h-errae d8sf0s./0b/r3.9a8n7c3@h{-9h#e8a7d.16 (3s2/03f968572@6{1c851i632ad4f205ebce}6)n gon 9pbo9r9ta 036028e8d07
 OCnhlryo mleoDcrailv ecro n8n0e.c0t.i3o9n8s7 .a1r6e  (a3l2l0ofw6e5d2.6
Ple#a18se5}) on  pproortte c4t7 1p0o6r
Only local connecc1632taido4nfs2 0a5re allowed.
Pleebacsee6 9pbr9o9tae0c6t2 epdo7r8t6s4 7u-sreef86d47-refs/branch-heads/398 7b@y{ #C1h8r5o}m)e Dorni vpeorr ta n2d6 2r2e7l
Ontls useyd  lboyc aClh rcoomnenDercitvieorn sa nd related test frameworks to parervee natl laocwceeds.s
Please protect ports su/sberda nbcyh -Chheraodmse/D3r9i8v7e@r{ #a1n8d5 }r)e laotne dp otrets t4 6f0r74a
Only local connecations are allowed.
tPelde atsees tp rfortaemcetw oprokrst st ou sperde vbeyn tC haromcecDersisv ebry  amnad lriecliaotuesd  mteworks teos tp rfervaent a cby macleismsceio ubsy  cmoadlei.c
works to prevecnode.
ious code.
t access by malicious code.
[1589970691.149][WARNING]: FromSockAddr failed on netmask
[1589970691.149][WARNING]: From[S1589970691.149][WARNING]: FromSockAddr failed on netmask
[1589970691.149][WARNING]: FromSockAddr failed on netmask
[[11558899997700669911..114499]][[WWAARRNNIINNGo]G:] :F rFromSockAddr failed on netmask
omSockAcddkrA dfdari lf[ea1di5 8o9n9 l7e0nd6 9oen1 tnm.e1a4stk9
[1589970691.149][WARNING]:m ask
][WARNING]: FrFomrSoomcSkoAcdkdArd dfra i[fl1ae5di8 lo9n9 7en0e6dt9m1a .os1kn
[15899704691.149][WARNING]: FromSockAddr failed on netmask
[1589970691.149][WARN9I]N[GW]A:R NFIrNoGm]S:o cFkrAodmdSro cfkaAidlderd  foaniled  onne tnmeatsmka
 netmask
[1589970691.149][WARNsINGk]: FromSockAddr failed on net
mask
[1589970692.154][WARNING]: This version of ChromeDriver has not been tested with Chrome version 81.
[1589970692.198][WARNING]: This version of ChromeDriver has not been tested with Chrome version 81.
[1589970692.200][WARNING]: This version of ChromeDriver has not been tested with Chrome version 81.
[1589970692.233][WARNING]: This version of ChromeDriver has not been tested with Chrome version 81.
11:31:32.703 INFO [ProtocolHandshake.createSession] - Detected dialect: OSS
[1589970693.150][WARNING]: This version of ChromeDriver has not been tested with Chrome version 81.
11:31:33.216 INFO [ProtocolHandshake.createSession] - Detected dialect: OSS
11:31:33.221 INFO [ProtocolHandshake.createSession] - Detected dialect: OSS
11:31:33.655 INFO [RemoteSession$Factory.lambda$performHandshake$0] - Started new session 5113f3be9eb02d4e546eefc8fd47165c (org.openqa.selenium.chrome.ChromeDriverService)
11:31:33.665 INFO [ProtocolHandshake.createSession] - Detected dialect: OSS
11:31:33.674 INFO [RemoteSession$Factory.lambda$performHandshake$0] - Started new session 30d0e030c09c693f97abb21b32d46c55 (org.openqa.selenium.chrome.ChromeDriverService)
11:31:33.704 INFO [RemoteSession$Factory.lambda$performHandshake$0] - Started new session 9c87d19ed341d0060d8967b98af68ee5 (org.openqa.selenium.chrome.ChromeDriverService)
11:31:33.724 INFO [RemoteSession$Factory.lambda$performHandshake$0] - Started new session 95bc9a5cf0e485c64813ebd8e1c6b55a (org.openqa.selenium.chrome.ChromeDriverService)
11:31:33.839 INFO [ActiveSessions$1.onStop] - Removing session 95bc9a5cf0e485c64813ebd8e1c6b55a (org.openqa.selenium.chrome.ChromeDriverService)
11:31:33.929 INFO [ActiveSessions$1.onStop] - Removing session 9c87d19ed341d0060d8967b98af68ee5 (org.openqa.selenium.chrome.ChromeDriverService)
11:31:34.549 INFO [ActiveSessionFactory.apply] - Capabilities are: {
  "acceptSslCerts": true,
  "browserName": "chrome",
  "chromeOptions": {
    "args": [
      "--headless"
    ],
    "w3c": false
  },
  "javascriptEnabled": true,
  "name": "Invalid Postcode\u002fData"
}
11:31:34.549 INFO [ActiveSessionFactory.lambda$apply$11] - Matched factory org.openqa.selenium.grid.session.remote.ServicedSession$Factory (provider: org.openqa.selenium.chrome.ChromeDriverService)
Starting ChromeDriver 80.0.3987.16 (320f6526c1632ad4f205ebce69b99a062ed78647-refs/branch-heads/3987@{#185}) on port 16376
Only local connections are allowed.
Please protect ports used by ChromeDriver and related test frameworks to prevent access by malicious code.
[1589970694.585][WARNING]: FromSockAddr failed on netmask
[1589970694.585][WARNING]: FromSockAddr failed on netmask
[1589970694.585][WARNING]: FromSockAddr failed on netmask
11:31:34.611 INFO [ActiveSessionFactory.apply] - Capabilities are: {
  "acceptSslCerts": true,
  "browserName": "chrome",
  "chromeOptions": {
    "args": [
      "--headless"
    ],
    "w3c": false
  },
  "javascriptEnabled": true,
  "name": "Invalid Postcode\u002fIndex"
}
11:31:34.611 INFO [ActiveSessionFactory.lambda$apply$11] - Matched factory org.openqa.selenium.grid.session.remote.ServicedSession$Factory (provider: org.openqa.selenium.chrome.ChromeDriverService)
Starting ChromeDriver 80.0.3987.16 (320f6526c1632ad4f205ebce69b99a062ed78647-refs/branch-heads/3987@{#185}) on port 31797
Only local connections are allowed.
Please protect ports used by ChromeDriver and related test frameworks to prevent access by malicious code.
[1589970694.651][WARNING]: FromSockAddr failed on netmask
[1589970694.651][WARNING]: FromSockAddr failed on netmask
[1589970694.651][WARNING]: FromSockAddr failed on netmask
[1589970694.882][WARNING]: This version of ChromeDriver has not been tested with Chrome version 81.
[1589970694.977][SEVERE]: Timed out receiving message from renderer: 0.100
[1589970695.006][WARNING]: This version of ChromeDriver has not been tested with Chrome version 81.
[1589970695.085][SEVERE]: Timed out receiving message from renderer: 0.100
11:31:35.179 INFO [ProtocolHandshake.createSession] - Detected dialect: OSS
11:31:35.238 INFO [RemoteSession$Factory.lambda$performHandshake$0] - Started new session 4ef6ad0184bc8406bfe3069db143743d (org.openqa.selenium.chrome.ChromeDriverService)
11:31:35.325 INFO [ActiveSessions$1.onStop] - Removing session 4ef6ad0184bc8406bfe3069db143743d (org.openqa.selenium.chrome.ChromeDriverService)
[1589970695.626][SEVERE]: Timed out receiving message from renderer: 0.100
[1589970695.736][SEVERE]: Timed out receiving message from renderer: 0.100
11:31:35.876 INFO [ProtocolHandshake.createSession] - Detected dialect: OSS
11:31:35.932 INFO [RemoteSession$Factory.lambda$performHandshake$0] - Started new session 67be93d5ba5e8edfc53ce2d76302e3e0 (org.openqa.selenium.chrome.ChromeDriverService)
11:31:36.287 INFO [ActiveSessionFactory.apply] - Capabilities are: {
  "acceptSslCerts": true,
  "browserName": "chrome",
  "chromeOptions": {
    "args": [
      "--headless"
    ],
    "w3c": false
  },
  "javascriptEnabled": true,
  "name": "Invalid Risk\u002fData"
}
11:31:36.288 INFO [ActiveSessionFactory.lambda$apply$11] - Matched factory org.openqa.selenium.grid.session.remote.ServicedSession$Factory (provider: org.openqa.selenium.chrome.ChromeDriverService)
Starting ChromeDriver 80.0.3987.16 (320f6526c1632ad4f205ebce69b99a062ed78647-refs/branch-heads/3987@{#185}) on port 14713
Only local connections are allowed.
Please protect ports used by ChromeDriver and related test frameworks to prevent access by malicious code.
[1589970696.330][WARNING]: FromSockAddr failed on netmask
[1589970696.330][WARNING]: FromSockAddr failed on netmask
[1589970696.330][WARNING]: FromSockAddr failed on netmask
[1589970696.586][SEVERE]: Timed out receiving message from renderer: 0.100
[1589970696.591][WARNING]: This version of ChromeDriver has not been tested with Chrome version 81.
[1589970696.666][SEVERE]: Timed out receiving message from renderer: 0.100
11:31:37.095 INFO [ProtocolHandshake.createSession] - Detected dialect: OSS
[1589970697.135][SEVERE]: Timed out receiving message from renderer: 0.100
11:31:37.165 INFO [RemoteSession$Factory.lambda$performHandshake$0] - Started new session 1086e209d5deefdd9806bb0f01e2b3f8 (org.openqa.selenium.chrome.ChromeDriverService)
[1589970697.192][SEVERE]: Timed out receiving message from renderer: 0.100
11:31:37.249 INFO [ActiveSessions$1.onStop] - Removing session 1086e209d5deefdd9806bb0f01e2b3f8 (org.openqa.selenium.chrome.ChromeDriverService)
[1589970697.419][SEVERE]: Timed out receiving message from renderer: 0.100
11:31:38.585 INFO [ActiveSessionFactory.apply] - Capabilities are: {
  "acceptSslCerts": true,
  "browserName": "chrome",
  "chromeOptions": {
    "args": [
      "--headless"
    ],
    "w3c": false
  },
  "javascriptEnabled": true,
  "name": "Invalid Risk\u002fIndex"
}
11:31:38.585 INFO [ActiveSessionFactory.lambda$apply$11] - Matched factory org.openqa.selenium.grid.session.remote.ServicedSession$Factory (provider: org.openqa.selenium.chrome.ChromeDriverService)
Starting ChromeDriver 80.0.3987.16 (320f6526c1632ad4f205ebce69b99a062ed78647-refs/branch-heads/3987@{#185}) on port 13995
Only local connections are allowed.
Please protect ports used by ChromeDriver and related test frameworks to prevent access by malicious code.
[1589970698.629][WARNING]: FromSockAddr failed on netmask
[1589970698.629][WARNING]: FromSockAddr failed on netmask
[1589970698.629][WARNING]: FromSockAddr failed on netmask
[1589970699.011][WARNING]: This version of ChromeDriver has not been tested with Chrome version 81.
11:31:39.498 INFO [ProtocolHandshake.createSession] - Detected dialect: OSS
11:31:39.543 INFO [RemoteSession$Factory.lambda$performHandshake$0] - Started new session c7f34ba86bc2317ebff2364ce866756a (org.openqa.selenium.chrome.ChromeDriverService)
[1589970700.365][SEVERE]: Timed out receiving message from renderer: 0.100
[1589970700.461][SEVERE]: Timed out receiving message from renderer: 0.100
[1589970700.562][SEVERE]: Timed out receiving message from renderer: 0.100
[1589970701.072][SEVERE]: Timed out receiving message from renderer: 0.100
[1589970701.177][SEVERE]: Timed out receiving message from renderer: 0.100
[1589970702.064][SEVERE]: Timed out receiving message from renderer: 0.100
11:31:43.409 INFO [ActiveSessions$1.onStop] - Removing session c7f34ba86bc2317ebff2364ce866756a (org.openqa.selenium.chrome.ChromeDriverService)
[1589970703.418][SEVERE]: Timed out receiving message from renderer: 0.100
11:31:44.114 INFO [ActiveSessionFactory.apply] - Capabilities are: {
  "acceptSslCerts": true,
  "browserName": "chrome",
  "chromeOptions": {
    "args": [
      "--headless"
    ],
    "w3c": false
  },
  "javascriptEnabled": true,
  "name": "Invalid Search\u002fIndex"
}
11:31:44.114 INFO [ActiveSessionFactory.lambda$apply$11] - Matched factory org.openqa.selenium.grid.session.remote.ServicedSession$Factory (provider: org.openqa.selenium.chrome.ChromeDriverService)
Starting ChromeDriver 80.0.3987.16 (320f6526c1632ad4f205ebce69b99a062ed78647-refs/branch-heads/3987@{#185}) on port 5768
Only local connections are allowed.
Please protect ports used by ChromeDriver and related test frameworks to prevent access by malicious code.
[1589970704.160][SEVERE]: Timed out receiving message from renderer: 0.100
[1589970704.163][WARNING]: FromSockAddr failed on netmask
[1589970704.163][WARNING]: FromSockAddr failed on netmask
[1589970704.163][WARNING]: FromSockAddr failed on netmask
[1589970704.481][WARNING]: This version of ChromeDriver has not been tested with Chrome version 81.
[1589970704.497][SEVERE]: Timed out receiving message from renderer: 0.100
[1589970704.911][SEVERE]: Timed out receiving message from renderer: 0.100
11:31:44.965 INFO [ProtocolHandshake.createSession] - Detected dialect: OSS
11:31:44.992 INFO [RemoteSession$Factory.lambda$performHandshake$0] - Started new session 5877415e9a17cbe616c3bc0871ec0224 (org.openqa.selenium.chrome.ChromeDriverService)
[1589970705.034][SEVERE]: Timed out receiving message from renderer: 0.100
11:31:45.571 INFO [ActiveSessions$1.onStop] - Removing session 67be93d5ba5e8edfc53ce2d76302e3e0 (org.openqa.selenium.chrome.ChromeDriverService)
[1589970706.037][SEVERE]: Timed out receiving message from renderer: 0.100
[1589970706.173][SEVERE]: Timed out receiving message from renderer: 0.100
11:31:46.320 INFO [ActiveSessionFactory.apply] - Capabilities are: {
  "acceptSslCerts": true,
  "browserName": "chrome",
  "chromeOptions": {
    "args": [
      "--headless"
    ],
    "w3c": false
  },
  "javascriptEnabled": true,
  "name": "Map\u002fData"
}
11:31:46.320 INFO [ActiveSessionFactory.lambda$apply$11] - Matched factory org.openqa.selenium.grid.session.remote.ServicedSession$Factory (provider: org.openqa.selenium.chrome.ChromeDriverService)
[1589970706.347][SEVERE]: Timed out receiving message from renderer: 0.100
Starting ChromeDriver 80.0.3987.16 (320f6526c1632ad4f205ebce69b99a062ed78647-refs/branch-heads/3987@{#185}) on port 40013
Only local connections are allowed.
Please protect ports used by ChromeDriver and related test frameworks to prevent access by malicious code.
[1589970706.362][WARNING]: FromSockAddr failed on netmask
[1589970706.362][WARNING]: FromSockAddr failed on netmask
[1589970706.362][WARNING]: FromSockAddr failed on netmask
[1589970706.665][WARNING]: This version of ChromeDriver has not been tested with Chrome version 81.
11:31:47.013 INFO [ProtocolHandshake.createSession] - Detected dialect: OSS
11:31:47.057 INFO [RemoteSession$Factory.lambda$performHandshake$0] - Started new session 91f4eb75f65dcbb1b500418c052ec391 (org.openqa.selenium.chrome.ChromeDriverService)
[1589970707.089][SEVERE]: Timed out receiving message from renderer: 0.100
[1589970707.089][SEVERE]: Timed out receiving message from renderer: 0.100
11:31:47.139 INFO [ActiveSessions$1.onStop] - Removing session 91f4eb75f65dcbb1b500418c052ec391 (org.openqa.selenium.chrome.ChromeDriverService)
11:31:47.303 INFO [ActiveSessions$1.onStop] - Removing session 5877415e9a17cbe616c3bc0871ec0224 (org.openqa.selenium.chrome.ChromeDriverService)
11:31:48.102 INFO [ActiveSessionFactory.apply] - Capabilities are: {
  "acceptSslCerts": true,
  "browserName": "chrome",
  "chromeOptions": {
    "args": [
      "--headless"
    ],
    "w3c": false
  },
  "javascriptEnabled": true,
  "name": "Ni Postcode\u002fData"
}
11:31:48.102 INFO [ActiveSessionFactory.lambda$apply$11] - Matched factory org.openqa.selenium.grid.session.remote.ServicedSession$Factory (provider: org.openqa.selenium.chrome.ChromeDriverService)
Starting ChromeDriver 80.0.3987.16 (320f6526c1632ad4f205ebce69b99a062ed78647-refs/branch-heads/3987@{#185}) on port 28695
Only local connections are allowed.
Please protect ports used by ChromeDriver and related test frameworks to prevent access by malicious code.
[1589970708.152][WARNING]: FromSockAddr failed on netmask
[1589970708.152][WARNING]: FromSockAddr failed on netmask
[1589970708.152][WARNING]: FromSockAddr failed on netmask
11:31:48.170 INFO [ActiveSessionFactory.apply] - Capabilities are: {
  "acceptSslCerts": true,
  "browserName": "chrome",
  "chromeOptions": {
    "args": [
      "--headless"
    ],
    "w3c": false
  },
  "javascriptEnabled": true,
  "name": "Ni Postcode\u002fIndex"
}
11:31:48.170 INFO [ActiveSessionFactory.lambda$apply$11] - Matched factory org.openqa.selenium.grid.session.remote.ServicedSession$Factory (provider: org.openqa.selenium.chrome.ChromeDriverService)
Starting ChromeDriver 80.0.3987.16 (320f6526c1632ad4f205ebce69b99a062ed78647-refs/branch-heads/3987@{#185}) on port 24455
Only local connections are allowed.
Please protect ports used by ChromeDriver and related test frameworks to prevent access by malicious code.
[1589970708.213][WARNING]: FromSockAddr failed on netmask
[1589970708.213][WARNING]: FromSockAddr failed on netmask
[1589970708.213][WARNING]: FromSockAddr failed on netmask
[1589970708.416][WARNING]: This version of ChromeDriver has not been tested with Chrome version 81.
[1589970708.522][WARNING]: This version of ChromeDriver has not been tested with Chrome version 81.
11:31:48.891 INFO [ProtocolHandshake.createSession] - Detected dialect: OSS
11:31:48.916 INFO [RemoteSession$Factory.lambda$performHandshake$0] - Started new session 8acbf38776337f976f6767091a93364f (org.openqa.selenium.chrome.ChromeDriverService)
11:31:49.454 INFO [ProtocolHandshake.createSession] - Detected dialect: OSS
11:31:49.479 INFO [RemoteSession$Factory.lambda$performHandshake$0] - Started new session 40343c8d560f5b24965d43b92f09ad1b (org.openqa.selenium.chrome.ChromeDriverService)
11:31:49.555 INFO [ActiveSessions$1.onStop] - Removing session 40343c8d560f5b24965d43b92f09ad1b (org.openqa.selenium.chrome.ChromeDriverService)
[1589970709.786][SEVERE]: Timed out receiving message from renderer: 0.100
[1589970709.916][SEVERE]: Timed out receiving message from renderer: 0.100
[1589970710.154][SEVERE]: Timed out receiving message from renderer: 0.100
11:31:50.659 INFO [ActiveSessionFactory.apply] - Capabilities are: {
  "acceptSslCerts": true,
  "browserName": "chrome",
  "chromeOptions": {
    "args": [
      "--headless"
    ],
    "w3c": false
  },
  "javascriptEnabled": true,
  "name": "Scottish Postcode\u002fData"
}
11:31:50.659 INFO [ActiveSessionFactory.lambda$apply$11] - Matched factory org.openqa.selenium.grid.session.remote.ServicedSession$Factory (provider: org.openqa.selenium.chrome.ChromeDriverService)
Starting ChromeDriver 80.0.3987.16 (320f6526c1632ad4f205ebce69b99a062ed78647-refs/branch-heads/3987@{#185}) on port 46019
Only local connections are allowed.
Please protect ports used by ChromeDriver and related test frameworks to prevent access by malicious code.
[1589970710.705][WARNING]: FromSockAddr failed on netmask
[1589970710.705][WARNING]: FromSockAddr failed on netmask
[1589970710.705][WARNING]: FromSockAddr failed on netmask
[1589970711.018][WARNING]: This version of ChromeDriver has not been tested with Chrome version 81.
11:31:51.172 INFO [ActiveSessions$1.onStop] - Removing session 8acbf38776337f976f6767091a93364f (org.openqa.selenium.chrome.ChromeDriverService)
11:31:51.386 INFO [ProtocolHandshake.createSession] - Detected dialect: OSS
11:31:51.405 INFO [RemoteSession$Factory.lambda$performHandshake$0] - Started new session 64a27c35c41ee875da1328654171047a (org.openqa.selenium.chrome.ChromeDriverService)
11:31:51.478 INFO [ActiveSessions$1.onStop] - Removing session 64a27c35c41ee875da1328654171047a (org.openqa.selenium.chrome.ChromeDriverService)
11:31:52.481 INFO [ActiveSessionFactory.apply] - Capabilities are: {
  "acceptSslCerts": true,
  "browserName": "chrome",
  "chromeOptions": {
    "args": [
      "--headless"
    ],
    "w3c": false
  },
  "javascriptEnabled": true,
  "name": "Scottish Postcode\u002fIndex"
}
11:31:52.481 INFO [ActiveSessionFactory.lambda$apply$11] - Matched factory org.openqa.selenium.grid.session.remote.ServicedSession$Factory (provider: org.openqa.selenium.chrome.ChromeDriverService)
Starting ChromeDriver 80.0.3987.16 (320f6526c1632ad4f205ebce69b99a062ed78647-refs/branch-heads/3987@{#185}) on port 24644
Only local connections are allowed.
Please protect ports used by ChromeDriver and related test frameworks to prevent access by malicious code.
[1589970712.524][WARNING]: FromSockAddr failed on netmask
[1589970712.524][WARNING]: FromSockAddr failed on netmask
[1589970712.524][WARNING]: FromSockAddr failed on netmask
11:31:52.542 INFO [ActiveSessionFactory.apply] - Capabilities are: {
  "acceptSslCerts": true,
  "browserName": "chrome",
  "chromeOptions": {
    "args": [
      "--headless"
    ],
    "w3c": false
  },
  "javascriptEnabled": true,
  "name": "Valid Search\u002fData"
}
11:31:52.542 INFO [ActiveSessionFactory.lambda$apply$11] - Matched factory org.openqa.selenium.grid.session.remote.ServicedSession$Factory (provider: org.openqa.selenium.chrome.ChromeDriverService)
Starting ChromeDriver 80.0.3987.16 (320f6526c1632ad4f205ebce69b99a062ed78647-refs/branch-heads/3987@{#185}) on port 26498
Only local connections are allowed.
Please protect ports used by ChromeDriver and related test frameworks to prevent access by malicious code.
[1589970712.587][WARNING]: FromSockAddr failed on netmask
[1589970712.587][WARNING]: FromSockAddr failed on netmask
[1589970712.587][WARNING]: FromSockAddr failed on netmask
[1589970712.815][WARNING]: This version of ChromeDriver has not been tested with Chrome version 81.
[1589970712.905][WARNING]: This version of ChromeDriver has not been tested with Chrome version 81.
11:31:53.385 INFO [ProtocolHandshake.createSession] - Detected dialect: OSS
11:31:53.403 INFO [RemoteSession$Factory.lambda$performHandshake$0] - Started new session eeed2198982e800718576007dc5fabc4 (org.openqa.selenium.chrome.ChromeDriverService)
11:31:53.478 INFO [ActiveSessions$1.onStop] - Removing session eeed2198982e800718576007dc5fabc4 (org.openqa.selenium.chrome.ChromeDriverService)
11:31:53.512 INFO [ProtocolHandshake.createSession] - Detected dialect: OSS
11:31:53.530 INFO [RemoteSession$Factory.lambda$performHandshake$0] - Started new session 614bead7fc92554dfcc3323d2eb0a8aa (org.openqa.selenium.chrome.ChromeDriverService)
11:31:54.582 INFO [ActiveSessionFactory.apply] - Capabilities are: {
  "acceptSslCerts": true,
  "browserName": "chrome",
  "chromeOptions": {
    "args": [
      "--headless"
    ],
    "w3c": false
  },
  "javascriptEnabled": true,
  "name": "Valid Search\u002fIndex"
}
11:31:54.582 INFO [ActiveSessionFactory.lambda$apply$11] - Matched factory org.openqa.selenium.grid.session.remote.ServicedSession$Factory (provider: org.openqa.selenium.chrome.ChromeDriverService)
Starting ChromeDriver 80.0.3987.16 (320f6526c1632ad4f205ebce69b99a062ed78647-refs/branch-heads/3987@{#185}) on port 33737
Only local connections are allowed.
Please protect ports used by ChromeDriver and related test frameworks to prevent access by malicious code.
[1589970714.619][WARNING]: FromSockAddr failed on netmask
[1589970714.619][WARNING]: FromSockAddr failed on netmask
[1589970714.620][WARNING]: FromSockAddr failed on netmask
[1589970714.693][SEVERE]: Timed out receiving message from renderer: 0.100
[1589970714.798][SEVERE]: Timed out receiving message from renderer: 0.100
[1589970714.879][WARNING]: This version of ChromeDriver has not been tested with Chrome version 81.
[1589970715.254][SEVERE]: Timed out receiving message from renderer: 0.100
11:31:55.276 INFO [ProtocolHandshake.createSession] - Detected dialect: OSS
11:31:55.294 INFO [RemoteSession$Factory.lambda$performHandshake$0] - Started new session 1ebb597ae377fec2ba2742ee05349ff0 (org.openqa.selenium.chrome.ChromeDriverService)
[1589970716.341][SEVERE]: Timed out receiving message from renderer: 0.100
[1589970716.454][SEVERE]: Timed out receiving message from renderer: 0.100
11:31:56.487 INFO [ActiveSessions$1.onStop] - Removing session 5113f3be9eb02d4e546eefc8fd47165c (org.openqa.selenium.chrome.ChromeDriverService)
[1589970716.844][SEVERE]: Timed out receiving message from renderer: 0.100
11:31:57.496 INFO [ActiveSessionFactory.apply] - Capabilities are: {
  "acceptSslCerts": true,
  "browserName": "chrome",
  "chromeOptions": {
    "args": [
      "--headless"
    ],
    "w3c": false
  },
  "javascriptEnabled": true,
  "name": "Welsh Postcode\u002fData"
}
11:31:57.496 INFO [ActiveSessionFactory.lambda$apply$11] - Matched factory org.openqa.selenium.grid.session.remote.ServicedSession$Factory (provider: org.openqa.selenium.chrome.ChromeDriverService)
Starting ChromeDriver 80.0.3987.16 (320f6526c1632ad4f205ebce69b99a062ed78647-refs/branch-heads/3987@{#185}) on port 40998
Only local connections are allowed.
Please protect ports used by ChromeDriver and related test frameworks to prevent access by malicious code.
[1589970717.536][WARNING]: FromSockAddr failed on netmask
[1589970717.536][WARNING]: FromSockAddr failed on netmask
[1589970717.537][WARNING]: FromSockAddr failed on netmask
[1589970717.773][WARNING]: This version of ChromeDriver has not been tested with Chrome version 81.
11:31:58.147 INFO [ProtocolHandshake.createSession] - Detected dialect: OSS
11:31:58.164 INFO [RemoteSession$Factory.lambda$performHandshake$0] - Started new session f3cf2e2a9623bd7370686e6471f30c75 (org.openqa.selenium.chrome.ChromeDriverService)
11:31:58.244 INFO [ActiveSessions$1.onStop] - Removing session f3cf2e2a9623bd7370686e6471f30c75 (org.openqa.selenium.chrome.ChromeDriverService)
11:31:58.978 INFO [ActiveSessionFactory.apply] - Capabilities are: {
  "acceptSslCerts": true,
  "browserName": "chrome",
  "chromeOptions": {
    "args": [
      "--headless"
    ],
    "w3c": false
  },
  "javascriptEnabled": true,
  "name": "Welsh Postcode\u002fIndex"
}
11:31:58.978 INFO [ActiveSessionFactory.lambda$apply$11] - Matched factory org.openqa.selenium.grid.session.remote.ServicedSession$Factory (provider: org.openqa.selenium.chrome.ChromeDriverService)
Starting ChromeDriver 80.0.3987.16 (320f6526c1632ad4f205ebce69b99a062ed78647-refs/branch-heads/3987@{#185}) on port 45069
Only local connections are allowed.
Please protect ports used by ChromeDriver and related test frameworks to prevent access by malicious code.
[1589970719.029][WARNING]: FromSockAddr failed on netmask
[1589970719.029][WARNING]: FromSockAddr failed on netmask
[1589970719.029][WARNING]: FromSockAddr failed on netmask
[1589970719.048][SEVERE]: Timed out receiving message from renderer: 0.100
[1589970719.214][SEVERE]: Timed out receiving message from renderer: 0.100
[1589970719.319][WARNING]: This version of ChromeDriver has not been tested with Chrome version 81.
[1589970719.375][SEVERE]: Timed out receiving message from renderer: 0.100
11:31:59.780 INFO [ProtocolHandshake.createSession] - Detected dialect: OSS
11:31:59.797 INFO [RemoteSession$Factory.lambda$performHandshake$0] - Started new session ef520a6c2d5b51ef4ee690f128f32287 (org.openqa.selenium.chrome.ChromeDriverService)
[1589970720.765][SEVERE]: Timed out receiving message from renderer: 0.100
[1589970721.155][SEVERE]: Timed out receiving message from renderer: 0.100
11:32:02.252 INFO [ActiveSessions$1.onStop] - Removing session 614bead7fc92554dfcc3323d2eb0a8aa (org.openqa.selenium.chrome.ChromeDriverService)
11:32:03.754 INFO [ActiveSessions$1.onStop] - Removing session 1ebb597ae377fec2ba2742ee05349ff0 (org.openqa.selenium.chrome.ChromeDriverService)
11:32:07.046 INFO [ActiveSessions$1.onStop] - Removing session ef520a6c2d5b51ef4ee690f128f32287 (org.openqa.selenium.chrome.ChromeDriverService)
11:32:23.189 INFO [ActiveSessions$1.onStop] - Removing session 30d0e030c09c693f97abb21b32d46c55 (org.openqa.selenium.chrome.ChromeDriverService)
